Exporter version: 5.6.3, Blender version: 2.79 (sub 0)
========= Conversion from Blender to Babylon.js =========
	Scene settings used :
		export scope        :  ALL
		inline textures     :  false
		Positions Precision :  4
		Normals Precision   :  3
		UVs Precision       :  3
		Vert Color Precision:  3
		Mat Weight Precision:  2
		texture directory   :  E:\demo\unity\exportFiles\blender\xiaodao\
	Python World class constructor completed
	processing begun of mesh:  Cone
		processing begun of Standard material:  Material.010
		num positions      :  120
		num normals        :  120
		num uvs            :  0
		num uvs2           :  0
		num colors         :  0
		num indices        :  618
	processing begun of mesh:  Cone.004
		processing begun of Standard material:  Material.011
		num positions      :  20
		num normals        :  20
		num uvs            :  0
		num uvs2           :  0
		num colors         :  0
		num indices        :  30
	processing begun of mesh:  Plane
		processing begun of Standard material:  Material.007
		num positions      :  192
		num normals        :  192
		num uvs            :  0
		num uvs2           :  0
		num colors         :  0
		num indices        :  960
	processing begun of mesh:  Cylinder.001_Cylinder
		processing begun of Standard material:  Material.012
		processing begun of Standard material:  Material.014
		processing begun of multimaterial:  xiaodao01.Multimaterial#0
		num positions      :  110
		num normals        :  110
		num uvs            :  0
		num uvs2           :  0
		num colors         :  0
		num indices        :  636
	processing begun of mesh:  Plane.006_Plane.007
		processing begun of Standard material:  Material.034
		num positions      :  128
		num normals        :  128
		num uvs            :  0
		num uvs2           :  0
		num colors         :  0
		num indices        :  666
		WARNING: # of 0 area faces found:  4
	processing begun of mesh:  Cube.002_Cube.003
		processing begun of Standard material:  Material.008
		num positions      :  26
		num normals        :  26
		num uvs            :  0
		num uvs2           :  0
		num colors         :  0
		num indices        :  144
	processing begun of mesh:  Cube.002
		processing begun of Standard material:  Material.003
		num positions      :  26
		num normals        :  26
		num uvs            :  0
		num uvs2           :  0
		num colors         :  0
		num indices        :  144
	processing begun of mesh:  Plane.002_Plane.003
		processing begun of Standard material:  Material.004
		num positions      :  16641
		num normals        :  16641
		num uvs            :  0
		num uvs2           :  0
		num colors         :  0
		num indices        :  98304
	processing begun of mesh:  Plane.008_Plane.009
		processing begun of Standard material:  Material.035
		num positions      :  30
		num normals        :  30
		num uvs            :  0
		num uvs2           :  0
		num colors         :  0
		num indices        :  72
	processing begun of mesh:  Handle_Back
		processing begun of Standard material:  Handle_material
		num positions      :  2258
		num normals        :  2258
		num uvs            :  0
		num uvs2           :  0
		num colors         :  0
		num indices        :  13248
	processing begun of mesh:  Cylinder.004_Cylinder.015
		processing begun of Standard material:  Material.024
		num positions      :  72
		num normals        :  72
		num uvs            :  0
		num uvs2           :  0
		num colors         :  0
		num indices        :  324
	processing begun of mesh:  CTRL_Baseboard
		processing begun of Standard material:  hidden_material
		num positions      :  8
		num normals        :  8
		num uvs            :  0
		num uvs2           :  0
		num colors         :  0
		num indices        :  12
	processing begun of mesh:  Cylinder.002_Cylinder.016
		processing begun of Standard material:  Material.025
		num positions      :  24
		num normals        :  24
		num uvs            :  0
		num uvs2           :  0
		num colors         :  0
		num indices        :  132
	processing begun of mesh:  Cylinder.003_Cylinder.007
		processing begun of Standard material:  Material.022
		num positions      :  336
		num normals        :  336
		num uvs            :  0
		num uvs2           :  0
		num colors         :  0
		num indices        :  1704
	processing begun of mesh:  CTRL_Hole
		registered as also a user of material:  hidden_material
		num positions      :  8
		num normals        :  8
		num uvs            :  0
		num uvs2           :  0
		num colors         :  0
		num indices        :  36
	processing begun of mesh:  Plane.005_Plane.006
		processing begun of Standard material:  Material.031
		num positions      :  1089
		num normals        :  1089
		num uvs            :  0
		num uvs2           :  0
		num colors         :  0
		num indices        :  6144
	processing begun of mesh:  Handle_Front
		registered as also a user of material:  Handle_material
		num positions      :  2258
		num normals        :  2258
		num uvs            :  0
		num uvs2           :  0
		num colors         :  0
		num indices        :  13248
	processing begun of mesh:  Icosphere.001
		processing begun of Standard material:  Material.020
		num positions      :  42
		num normals        :  42
		num uvs            :  0
		num uvs2           :  0
		num colors         :  0
		num indices        :  240
	processing begun of mesh:  Sphere.001
		processing begun of Standard material:  Material.013
		num positions      :  86
		num normals        :  86
		num uvs            :  0
		num uvs2           :  0
		num colors         :  0
		num indices        :  504
	processing begun of mesh:  DoorFrame_DoorFrane
		processing begun of Standard material:  Door_material
		num positions      :  32
		num normals        :  32
		num uvs            :  0
		num uvs2           :  0
		num colors         :  0
		num indices        :  141
	processing begun of mesh:  Cylinder.005_Cylinder.017
		registered as also a user of material:  Material.022
		num positions      :  8
		num normals        :  8
		num uvs            :  0
		num uvs2           :  0
		num colors         :  0
		num indices        :  36
	processing begun of mesh:  Icosphere
		processing begun of Standard material:  Material.018
		num positions      :  42
		num normals        :  42
		num uvs            :  0
		num uvs2           :  0
		num colors         :  0
		num indices        :  240
	processing begun of mesh:  Door
		registered as also a user of material:  Door_material
		num positions      :  8
		num normals        :  8
		num uvs            :  0
		num uvs2           :  0
		num colors         :  0
		num indices        :  36
	processing begun of mesh:  Cube.003_Cube.005
		processing begun of Standard material:  Material.017
		num positions      :  26
		num normals        :  26
		num uvs            :  0
		num uvs2           :  0
		num colors         :  0
		num indices        :  144
	processing begun of mesh:  Cylinder.006_Cylinder.022
		processing begun of Standard material:  Material.033
		processing begun of Standard material:  Material.032
		processing begun of multimaterial:  xiaodao01.Multimaterial#1
		num positions      :  110
		num normals        :  110
		num uvs            :  0
		num uvs2           :  0
		num colors         :  0
		num indices        :  636
	processing begun of mesh:  Cylinder_Cylinder.001
		processing begun of Standard material:  Material.002
		processing begun of Standard material:  Material.001
		processing begun of multimaterial:  xiaodao01.Multimaterial#2
		num positions      :  168
		num normals        :  168
		num uvs            :  0
		num uvs2           :  0
		num colors         :  0
		num indices        :  660
	processing begun of mesh:  Plane.004_Plane.001
		processing begun of Standard material:  Material.028
		num positions      :  1089
		num normals        :  1089
		num uvs            :  0
		num uvs2           :  0
		num colors         :  0
		num indices        :  6144
	processing begun of mesh:  Cylinder.007_Cylinder.019
		processing begun of Standard material:  Material.026
		num positions      :  104
		num normals        :  104
		num uvs            :  0
		num uvs2           :  0
		num colors         :  0
		num indices        :  588
	processing begun of mesh:  Plane.001_Plane.004
		processing begun of Standard material:  Material.005
		num positions      :  4
		num normals        :  4
		num uvs            :  0
		num uvs2           :  0
		num colors         :  0
		num indices        :  6
	processing begun of mesh:  Cube.001
		processing begun of Standard material:  Material.006
		num positions      :  26
		num normals        :  26
		num uvs            :  0
		num uvs2           :  0
		num colors         :  0
		num indices        :  144
	processing begun of mesh:  Cone.003
		registered as also a user of material:  Material.011
		num positions      :  0
		num normals        :  0
		num uvs            :  0
		num uvs2           :  0
		num colors         :  0
		num indices        :  0
	processing begun of mesh:  Torus
		processing begun of Standard material:  Material.030
		num positions      :  1284
		num normals        :  1284
		num uvs            :  0
		num uvs2           :  0
		num colors         :  0
		num indices        :  7692
	processing begun of camera (FreeCamera):  Camera
	processing begun of light (POINT):  Lamp
========= Writing of scene file started =========
========= Writing of scene file completed =========
========= end of processing =========
elapsed time:  0 min, 2.1562 secs
