Exporter version: 5.6.3, Blender version: 2.79 (sub 0)
========= Conversion from Blender to Babylon.js =========
	Scene settings used :
		export scope        :  ALL
		inline textures     :  false
		Positions Precision :  4
		Normals Precision   :  3
		UVs Precision       :  3
		Vert Color Precision:  3
		Mat Weight Precision:  2
		texture directory   :  E:\demo\vue\vue_3d_demo\src\assets\models\new\qiaoba\
	Python World class constructor completed
	processing begun of mesh:  qiaob:pCylinder12
		processing begun of Standard material:  qiaob:blinn2
		num positions      :  125
		num normals        :  125
		num uvs            :  250
		num uvs2           :  0
		num colors         :  0
		num indices        :  240
	processing begun of mesh:  qiaob:pCube17
		processing begun of Standard material:  qiaob:phong1
		num positions      :  32
		num normals        :  32
		num uvs            :  64
		num uvs2           :  0
		num colors         :  0
		num indices        :  84
	processing begun of mesh:  qiaob:pCube16
		registered as also a user of material:  qiaob:phong1
		num positions      :  17
		num normals        :  17
		num uvs            :  34
		num uvs2           :  0
		num colors         :  0
		num indices        :  36
	processing begun of mesh:  qiaob:pCube15
		registered as also a user of material:  qiaob:phong1
		num positions      :  17
		num normals        :  17
		num uvs            :  34
		num uvs2           :  0
		num colors         :  0
		num indices        :  36
	processing begun of mesh:  qiaob:pCube14
		registered as also a user of material:  qiaob:phong1
		num positions      :  17
		num normals        :  17
		num uvs            :  34
		num uvs2           :  0
		num colors         :  0
		num indices        :  36
	processing begun of mesh:  qiaob:pCube13
		registered as also a user of material:  qiaob:phong1
		num positions      :  17
		num normals        :  17
		num uvs            :  34
		num uvs2           :  0
		num colors         :  0
		num indices        :  36
	processing begun of mesh:  qiaob:pTorus4
		registered as also a user of material:  qiaob:phong1
		num positions      :  157
		num normals        :  157
		num uvs            :  314
		num uvs2           :  0
		num colors         :  0
		num indices        :  600
	processing begun of mesh:  qiaob:pTorus3
		registered as also a user of material:  qiaob:phong1
		num positions      :  157
		num normals        :  157
		num uvs            :  314
		num uvs2           :  0
		num colors         :  0
		num indices        :  600
	processing begun of mesh:  qiaob:pTorus2
		registered as also a user of material:  qiaob:phong1
		num positions      :  157
		num normals        :  157
		num uvs            :  314
		num uvs2           :  0
		num colors         :  0
		num indices        :  600
	processing begun of mesh:  qiaob:pTorus1
		registered as also a user of material:  qiaob:phong1
		num positions      :  157
		num normals        :  157
		num uvs            :  314
		num uvs2           :  0
		num colors         :  0
		num indices        :  600
	processing begun of mesh:  qiaob:pSphere8
		processing begun of Standard material:  qiaob:blinn1
		num positions      :  136
		num normals        :  136
		num uvs            :  272
		num uvs2           :  0
		num colors         :  0
		num indices        :  540
	processing begun of mesh:  qiaob:pSphere7
		registered as also a user of material:  qiaob:blinn1
		num positions      :  136
		num normals        :  136
		num uvs            :  272
		num uvs2           :  0
		num colors         :  0
		num indices        :  540
	processing begun of mesh:  qiaob:pSphere6
		registered as also a user of material:  qiaob:blinn1
		num positions      :  136
		num normals        :  136
		num uvs            :  272
		num uvs2           :  0
		num colors         :  0
		num indices        :  540
	processing begun of mesh:  qiaob:pSphere5
		registered as also a user of material:  qiaob:blinn1
		num positions      :  136
		num normals        :  136
		num uvs            :  272
		num uvs2           :  0
		num colors         :  0
		num indices        :  540
	processing begun of mesh:  qiaob:pSphere4
		registered as also a user of material:  qiaob:blinn1
		num positions      :  136
		num normals        :  136
		num uvs            :  272
		num uvs2           :  0
		num colors         :  0
		num indices        :  540
	processing begun of mesh:  qiaob:pSphere3
		registered as also a user of material:  qiaob:blinn1
		num positions      :  136
		num normals        :  136
		num uvs            :  272
		num uvs2           :  0
		num colors         :  0
		num indices        :  540
	processing begun of mesh:  qiaob:pCube12
		registered as also a user of material:  qiaob:blinn2
		num positions      :  33
		num normals        :  33
		num uvs            :  66
		num uvs2           :  0
		num colors         :  0
		num indices        :  84
	processing begun of mesh:  qiaob:pCube11
		registered as also a user of material:  qiaob:blinn2
		num positions      :  33
		num normals        :  33
		num uvs            :  66
		num uvs2           :  0
		num colors         :  0
		num indices        :  84
	processing begun of mesh:  qiaob:pCylinder11
		registered as also a user of material:  qiaob:blinn2
		num positions      :  82
		num normals        :  82
		num uvs            :  164
		num uvs2           :  0
		num colors         :  0
		num indices        :  180
	processing begun of mesh:  qiaob:pCylinder10
		registered as also a user of material:  qiaob:blinn2
		num positions      :  100
		num normals        :  100
		num uvs            :  200
		num uvs2           :  0
		num colors         :  0
		num indices        :  240
	processing begun of mesh:  qiaob:polySurface17
		registered as also a user of material:  qiaob:blinn1
		num positions      :  935
		num normals        :  935
		num uvs            :  1870
		num uvs2           :  0
		num colors         :  0
		num indices        :  3390
	processing begun of node:  qiaob:polySurface16
	processing begun of node:  qiaob:transform13
	processing begun of mesh:  qiaob:polySurface15
		processing begun of Standard material:  qiaob:lambert5
		num positions      :  633
		num normals        :  633
		num uvs            :  1266
		num uvs2           :  0
		num colors         :  0
		num indices        :  1440
	processing begun of mesh:  qiaob:polySurface14
		processing begun of Standard material:  lambert1
		processing begun of Standard material:  qiaob:lambert7
		processing begun of multimaterial:  qiaoba.Multimaterial#0
		num positions      :  141
		num normals        :  141
		num uvs            :  282
		num uvs2           :  0
		num colors         :  0
		num indices        :  360
	processing begun of mesh:  qiaob:polySurface13
		registered as also a user of material:  lambert1
		registered as also a user of material:  qiaob:lambert7
		processing begun of multimaterial:  qiaoba.Multimaterial#1
		num positions      :  145
		num normals        :  145
		num uvs            :  290
		num uvs2           :  0
		num colors         :  0
		num indices        :  360
	processing begun of node:  qiaob:polySurface11
	processing begun of node:  qiaob:transform12
	processing begun of node:  qiaob:pCylinder9
	processing begun of node:  qiaob:transform10
	processing begun of node:  qiaob:pCylinder8
	processing begun of node:  qiaob:transform11
	processing begun of mesh:  qiaob:polySurface10
		registered as also a user of material:  qiaob:blinn1
		num positions      :  176
		num normals        :  176
		num uvs            :  352
		num uvs2           :  0
		num colors         :  0
		num indices        :  528
	processing begun of mesh:  qiaob:polySurface4
		registered as also a user of material:  lambert1
		registered as also a user of material:  qiaob:lambert7
		processing begun of multimaterial:  qiaoba.Multimaterial#2
		num positions      :  141
		num normals        :  141
		num uvs            :  282
		num uvs2           :  0
		num colors         :  0
		num indices        :  360
	processing begun of mesh:  qiaob:polySurface3
		registered as also a user of material:  lambert1
		registered as also a user of material:  qiaob:lambert7
		processing begun of multimaterial:  qiaoba.Multimaterial#3
		num positions      :  141
		num normals        :  141
		num uvs            :  282
		num uvs2           :  0
		num colors         :  0
		num indices        :  360
	processing begun of node:  qiaob:pCube10
	processing begun of node:  qiaob:transform4
	processing begun of node:  qiaob:pCube8
	processing begun of node:  qiaob:polySurface7
	processing begun of node:  qiaob:transform7
	processing begun of node:  qiaob:polySurface6
	processing begun of node:  qiaob:transform9
	processing begun of mesh:  qiaob:pCube7
		processing begun of Standard material:  qiaob:lambert3
		num positions      :  29
		num normals        :  29
		num uvs            :  58
		num uvs2           :  0
		num colors         :  0
		num indices        :  84
	processing begun of mesh:  qiaob:pCube6
		registered as also a user of material:  qiaob:lambert3
		num positions      :  29
		num normals        :  29
		num uvs            :  58
		num uvs2           :  0
		num colors         :  0
		num indices        :  84
	processing begun of mesh:  qiaob:polySurface1
		registered as also a user of material:  qiaob:lambert7
		processing begun of Standard material:  qiaob:lambert6
		processing begun of multimaterial:  qiaoba.Multimaterial#4
		num positions      :  562
		num normals        :  562
		num uvs            :  1124
		num uvs2           :  0
		num colors         :  0
		num indices        :  2622
	processing begun of mesh:  qiaob:pCylinder7
		registered as also a user of material:  qiaob:lambert7
		num positions      :  100
		num normals        :  100
		num uvs            :  200
		num uvs2           :  0
		num colors         :  0
		num indices        :  240
	processing begun of mesh:  qiaob:pCylinder6
		registered as also a user of material:  qiaob:lambert7
		num positions      :  138
		num normals        :  138
		num uvs            :  276
		num uvs2           :  0
		num colors         :  0
		num indices        :  420
	processing begun of mesh:  qiaob:pCylinder5
		registered as also a user of material:  qiaob:lambert7
		num positions      :  138
		num normals        :  138
		num uvs            :  276
		num uvs2           :  0
		num colors         :  0
		num indices        :  420
	processing begun of mesh:  qiaob:pCylinder4
		registered as also a user of material:  qiaob:lambert7
		num positions      :  100
		num normals        :  100
		num uvs            :  200
		num uvs2           :  0
		num colors         :  0
		num indices        :  240
	processing begun of mesh:  qiaob:pCube5
		registered as also a user of material:  qiaob:lambert7
		num positions      :  215
		num normals        :  215
		num uvs            :  430
		num uvs2           :  0
		num colors         :  0
		num indices        :  564
	processing begun of mesh:  qiaob:pCube4
		registered as also a user of material:  qiaob:lambert7
		num positions      :  215
		num normals        :  215
		num uvs            :  430
		num uvs2           :  0
		num colors         :  0
		num indices        :  564
	processing begun of mesh:  qiaob:pCube3
		registered as also a user of material:  qiaob:lambert6
		num positions      :  216
		num normals        :  216
		num uvs            :  432
		num uvs2           :  0
		num colors         :  0
		num indices        :  480
	processing begun of mesh:  qiaob:pCylinder3
		processing begun of Standard material:  qiaob:lambert4
		num positions      :  193
		num normals        :  193
		num uvs            :  386
		num uvs2           :  0
		num colors         :  0
		num indices        :  720
	processing begun of mesh:  qiaob:pSphere2
		registered as also a user of material:  qiaob:lambert4
		num positions      :  476
		num normals        :  476
		num uvs            :  952
		num uvs2           :  0
		num colors         :  0
		num indices        :  2280
	processing begun of mesh:  qiaob:pSphere1
		registered as also a user of material:  qiaob:lambert5
		num positions      :  476
		num normals        :  476
		num uvs            :  952
		num uvs2           :  0
		num colors         :  0
		num indices        :  2280
	processing begun of mesh:  qiaob:pCylinder2
		registered as also a user of material:  qiaob:lambert3
		num positions      :  65
		num normals        :  65
		num uvs            :  130
		num uvs2           :  0
		num colors         :  0
		num indices        :  120
	processing begun of mesh:  qiaob:pCylinder1
		registered as also a user of material:  qiaob:lambert3
		num positions      :  65
		num normals        :  65
		num uvs            :  130
		num uvs2           :  0
		num colors         :  0
		num indices        :  120
	processing begun of node:  qiaob:pCube1
	processing begun of node:  qiaob:transform2
	processing begun of camera (FreeCamera):  Camera
	processing begun of light (SUN):  qiaob:sunDirection
	processing begun of light (POINT):  Lamp
========= Writing of scene file started =========
========= Writing of scene file completed =========
========= end of processing =========
elapsed time:  0 min, 0.8105 secs
