Exporter version: 5.6.3, Blender version: 2.79 (sub 0)
========= Conversion from Blender to Babylon.js =========
	Scene settings used :
		export scope        :  ALL
		inline textures     :  false
		Positions Precision :  4
		Normals Precision   :  3
		UVs Precision       :  3
		Vert Color Precision:  3
		Mat Weight Precision:  2
		texture directory   :  E:\demo\unity\exportFiles\blender\runman\
	Python World class constructor completed
	processing begun of mesh:  runman01
		processing begun of Standard material:  材质
			WARNING: Mesh has no UV maps, material:  "纹理" ignored
		processing begun of Standard material:  材质.001
			WARNING: Mesh has no UV maps, material:  "纹理.001" ignored
		processing begun of Standard material:  材质.002
			WARNING: Mesh has no UV maps, material:  "纹理.002" ignored
		processing begun of multimaterial:  runman01.Multimaterial#0
		num positions      :  4777
		num normals        :  4777
		num uvs            :  0
		num uvs2           :  0
		num colors         :  0
		num indices        :  24978
	processing begun of camera (FreeCamera):  Camera
	processing begun of light (POINT):  Lamp
========= Writing of scene file started =========
========= Writing of scene file completed =========
========= end of processing =========
elapsed time:  0 min, 0.3377 secs
