	Exporter version: 4.6.1, Blender version: 2.79 (sub 0)
========= Conversion from Blender to Babylon.js =========
	Scene settings used:
		selected layers only:  false
		flat shading entire scene:  false
		inline textures:  false
		texture directory:  E:\demo\unity\exportFiles\blender\runman\
	Python World class constructor completed
	processing begun of mesh:  runman01
		processing begun of Standard material:  材质
			WARNING: Mesh has no UV maps, material:  "纹理" ignored
		processing begun of Standard material:  材质.001
			WARNING: Mesh has no UV maps, material:  "纹理.001" ignored
		processing begun of Standard material:  材质.002
			WARNING: Mesh has no UV maps, material:  "纹理.002" ignored
		processing begun of multimaterial:  runman02.Multimaterial#0
		num positions      :  4777
		num normals        :  4777
		num uvs            :  0
		num uvs2           :  0
		num colors         :  0
		num indices        :  24978
	processing begun of camera (FreeCamera):  Camera
	processing begun of light (POINT):  Lamp
========= Writing of scene file started =========
========= Writing of scene file completed =========
========= end of processing =========
elapsed time:  0 min, 0.1595 secs
